2017-06-23 18:36:06,655 - __main__ - DEBUG - /Users/sumit.murari/misc/stackoverflow_app/app/conf/logging.conf
2017-06-23 18:36:06,915 - __main__ - DEBUG - /Users/sumit.murari/misc/stackoverflow_app/app/conf/logging.conf
2017-06-23 18:36:25,196 - __main__ - INFO - Token is : sJqmGuoupNVs8TboSWD6oQ))
2017-06-23 18:37:21,164 - __main__ - DEBUG - /Users/sumit.murari/misc/stackoverflow_app/app/conf/logging.conf
2017-06-23 18:37:45,182 - __main__ - DEBUG - /Users/sumit.murari/misc/stackoverflow_app/app/conf/logging.conf
2017-06-23 18:37:51,200 - __main__ - DEBUG - /Users/sumit.murari/misc/stackoverflow_app/app/conf/logging.conf
2017-06-23 18:39:31,529 - __main__ - DEBUG - Token is : sJqmGuoupNVs8TboSWD6oQ))
2017-06-23 18:40:10,081 - __main__ - DEBUG - access_token=fdL9CDvwUDmOdpB3YYHvcg))&expires=86399
2017-06-23 18:40:10,113 - __main__ - DEBUG - Token is : fdL9CDvwUDmOdpB3YYHvcg))
2017-06-23 18:43:01,209 - __main__:65 - <module> - DEBUG - /Users/sumit.murari/misc/stackoverflow_app/app/conf/logging.conf
2017-06-23 18:43:01,454 - __main__:65 - <module> - DEBUG - /Users/sumit.murari/misc/stackoverflow_app/app/conf/logging.conf
2017-06-23 18:43:53,379 - __main__:65 - <module>() - DEBUG - /Users/sumit.murari/misc/stackoverflow_app/app/conf/logging.conf
2017-06-23 18:43:53,637 - __main__:65 - <module>() - DEBUG - /Users/sumit.murari/misc/stackoverflow_app/app/conf/logging.conf
2017-06-23 18:44:07,499 - __main__:41 - get_token() - DEBUG - access_token=MwbscuXTGbPYvMUoVD3M(A))&expires=86399
2017-06-23 18:44:07,515 - __main__:20 - home() - DEBUG - Token is : MwbscuXTGbPYvMUoVD3M(A))
2017-06-23 18:44:46,797 - __main__:66 - <module>() - DEBUG - /Users/sumit.murari/misc/stackoverflow_app/app/conf/logging.conf
2017-06-23 18:50:19,558 - __main__:67 - <module>() - DEBUG - /Users/sumit.murari/misc/stackoverflow_app/app/conf/logging.conf
2017-06-24 14:29:18,936 - __main__:42 - get_token() - DEBUG - access_token=H9LRqBlgBKsj*46V20lW5g))&expires=86399
2017-06-24 14:29:18,937 - root:44 - get_token() - DEBUG - Token is: H9LRqBlgBKsj*46V20lW5g))
2017-06-24 14:29:18,947 - __main__:21 - home() - DEBUG - Token is : H9LRqBlgBKsj*46V20lW5g))
2017-06-24 14:31 - __main__:67 - <module>() - DEBUG - /Users/sumit.murari/misc/stackoverflow_app/app/conf/logging.conf
2017-06-24 14:31 - __main__:67 - <module>() - DEBUG - /Users/sumit.murari/misc/stackoverflow_app/app/conf/logging.conf
2017-06-24 14:32 - __main__:67 - <module>() - DEBUG - /Users/sumit.murari/misc/stackoverflow_app/app/conf/logging.conf
2017-06-24 14:32 - __main__:67 - <module>() - DEBUG - /Users/sumit.murari/misc/stackoverflow_app/app/conf/logging.conf
2017-06-24 14:32:51,737 - __main__:67 - <module>() - DEBUG - /Users/sumit.murari/misc/stackoverflow_app/app/conf/logging.conf
2017-06-24 14:32:51,995 - __main__:67 - <module>() - DEBUG - /Users/sumit.murari/misc/stackoverflow_app/app/conf/logging.conf
2017-06-24 14:38:18,815 - __main__:42 - get_token() - DEBUG - access_token=XhZc(m67QBtegmDFP*BiyA))&expires=86399
2017-06-24 14:38:18,817 - root:44 - get_token() - DEBUG - Token is: XhZc(m67QBtegmDFP*BiyA))
2017-06-24 14:38:18,830 - __main__:21 - home() - DEBUG - Token is : XhZc(m67QBtegmDFP*BiyA))
2017-06-24 14:40:29,060 - __main__:21 - home() - DEBUG - Token is : XhZc(m67QBtegmDFP*BiyA))
2017-06-24 14:40:29,060 - backkend:9 - fetch_userid() - DEBUG - Access_token : XhZc(m67QBtegmDFP*BiyA))
2017-06-24 14:40:30,494 - backkend:16 - fetch_userid() - DEBUG - 200
2017-06-24 14:40:30,494 - backkend:17 - fetch_userid() - DEBUG - {'quota_remaining': 9997, 'items': [{'display_name': 'Sumit Murari', 'reputation_change_month': 3, 'last_access_date': 1498224618, 'badge_counts': {'bronze': 20, 'gold': 0, 'silver': 3}, 'reputation_change_day': 0, 'website_url': 'http://www.murarisumit.in', 'is_employee': False, 'user_id': 2735833, 'reputation_change_year': 68, 'creation_date': 1377965517, 'reputation_change_week': 0, 'account_id': 3158327, 'link': 'https://stackoverflow.com/users/2735833/sumit-murari', 'age': 25, 'last_modified_date': 1498041942, 'accept_rate': 52, 'user_type': 'registered', 'reputation': 415, 'profile_image': 'https://i.stack.imgur.com/9BJtF.jpg?s=128&g=1', 'reputation_change_quarter': 48}], 'has_more': False, 'quota_max': 10000}
2017-06-24 14:50:56,949 - __main__:42 - get_token() - DEBUG - access_token=LTvsTkmFvvVbjQFZdQavEg))&expires=86399
2017-06-24 14:50:56,952 - root:44 - get_token() - DEBUG - Token is: LTvsTkmFvvVbjQFZdQavEg))
2017-06-24 14:50:56,977 - __main__:21 - home() - DEBUG - Token is : LTvsTkmFvvVbjQFZdQavEg))
2017-06-24 14:50:56,978 - backkend:10 - fetch_userid() - DEBUG - Access_token : LTvsTkmFvvVbjQFZdQavEg))
2017-06-24 14:50:58,322 - backkend:16 - fetch_userid() - DEBUG - 200
2017-06-24 14:54:41,352 - __main__:21 - home() - DEBUG - Token is : LTvsTkmFvvVbjQFZdQavEg))
2017-06-24 14:54:41,352 - backkend:10 - fetch_userid() - DEBUG - Access_token : LTvsTkmFvvVbjQFZdQavEg))
2017-06-24 14:54:45,905 - backkend:16 - fetch_userid() - DEBUG - 200
2017-06-24 14:55:29,764 - __main__:21 - home() - DEBUG - Token is : LTvsTkmFvvVbjQFZdQavEg))
2017-06-24 14:55:29,764 - backkend:10 - fetch_userid() - DEBUG - Access_token : LTvsTkmFvvVbjQFZdQavEg))
2017-06-24 14:55:31,756 - backkend:16 - fetch_userid() - DEBUG - 200
2017-06-24 14:55:31,756 - backkend:20 - fetch_userid() - DEBUG - Account id: 3158327
2017-06-24 14:56:52,525 - __main__:21 - home() - DEBUG - Token is : LTvsTkmFvvVbjQFZdQavEg))
2017-06-24 14:56:56,040 - backkend:15 - fetch_userid() - DEBUG - 200
2017-06-24 14:56:56,040 - backkend:19 - fetch_userid() - DEBUG - Account id: 3158327
2017-06-24 15:39:50,849 - __main__:43 - get_token() - DEBUG - access_token=(dK0Gcj3l6IU2FRwBRrvIw))&expires=86399
2017-06-24 15:39:50,853 - root:45 - get_token() - DEBUG - Token is: (dK0Gcj3l6IU2FRwBRrvIw))
2017-06-24 15:39:50,862 - __main__:21 - home() - DEBUG - Token is : (dK0Gcj3l6IU2FRwBRrvIw))
2017-06-24 15:40:25,465 - __main__:21 - home() - DEBUG - Token is : (dK0Gcj3l6IU2FRwBRrvIw))
2017-06-24 15:40:52,082 - __main__:21 - home() - DEBUG - Token is : (dK0Gcj3l6IU2FRwBRrvIw))
2017-06-24 15:41:09,439 - __main__:43 - get_token() - DEBUG - access_token=cxS*(WhB(AUStQLIZHJ4vQ))&expires=86399
2017-06-24 15:41:09,440 - root:45 - get_token() - DEBUG - Token is: cxS*(WhB(AUStQLIZHJ4vQ))
2017-06-24 15:41:09,468 - __main__:21 - home() - DEBUG - Token is : cxS*(WhB(AUStQLIZHJ4vQ))
2017-06-24 15:44:06,944 - __main__:21 - home() - DEBUG - Token is : cxS*(WhB(AUStQLIZHJ4vQ))
2017-06-24 15:44:08,452 - backend.backend:20 - fetch_user() - DEBUG - 400
2017-06-24 15:46:34,358 - __main__:21 - home() - DEBUG - Token is : cxS*(WhB(AUStQLIZHJ4vQ))
2017-06-24 15:46:36,572 - backend:20 - fetch_user() - DEBUG - 200
2017-06-24 15:47:26,625 - __main__:21 - home() - DEBUG - Token is : cxS*(WhB(AUStQLIZHJ4vQ))
2017-06-24 15:47:32,210 - backend:20 - fetch_user() - DEBUG - 200
2017-06-24 15:47:32,210 - backend:29 - fetch_user() - DEBUG - User details: {'account_id': 3158327, 'image_url': 'https://i.stack.imgur.com/9BJtF.jpg?s=128&g=1', 'link': 'https://stackoverflow.com/users/2735833/sumit-murari', 'user_id': 3158327, 'reputation': 415}
2017-06-24 15:48:03,835 - __main__:21 - home() - DEBUG - Token is : cxS*(WhB(AUStQLIZHJ4vQ))
2017-06-24 15:48:06,679 - backend:20 - fetch_user() - DEBUG - 200
2017-06-24 15:48:06,679 - backend:29 - fetch_user() - DEBUG - User details: {'user_id': 3158327, 'account_id': 3158327, 'reputation': 415, 'link': 'https://stackoverflow.com/users/2735833/sumit-murari', 'image_url': 'https://i.stack.imgur.com/9BJtF.jpg?s=128&g=1'}
2017-06-24 15:48:37,129 - __main__:21 - home() - DEBUG - Token is : cxS*(WhB(AUStQLIZHJ4vQ))
2017-06-24 15:48:38,629 - backend:20 - fetch_user() - DEBUG - 200
2017-06-24 15:48:38,630 - backend:29 - fetch_user() - DEBUG - User details: {'account_id': 3158327, 'image_url': 'https://i.stack.imgur.com/9BJtF.jpg?s=128&g=1', 'user_id': 3158327, 'link': 'https://stackoverflow.com/users/2735833/sumit-murari', 'reputation': 415}
2017-06-24 15:48:40,269 - backend:59 - fetch_all_answerids() - DEBUG - Response is : {"items":[{"owner":{"reputation":415,"user_id":2735833,"user_type":"registered","accept_rate":52,"profile_image":"https://i.stack.imgur.com/9BJtF.jpg?s=128&g=1","display_name":"Sumit Murari","link":"https://stackoverflow.com/users/2735833/sumit-murari"},"is_accepted":false,"score":4,"last_activity_date":1491889753,"last_edit_date":1491889753,"creation_date":1491888920,"answer_id":43337491,"question_id":43337399},{"owner":{"reputation":415,"user_id":2735833,"user_type":"registered","accept_rate":52,"profile_image":"https://i.stack.imgur.com/9BJtF.jpg?s=128&g=1","display_name":"Sumit Murari","link":"https://stackoverflow.com/users/2735833/sumit-murari"},"is_accepted":false,"score":0,"last_activity_date":1489745746,"creation_date":1489745746,"answer_id":42854781,"question_id":42851115},{"owner":{"reputation":415,"user_id":2735833,"user_type":"registered","accept_rate":52,"profile_image":"https://i.stack.imgur.com/9BJtF.jpg?s=128&g=1","display_name":"Sumit Murari","link":"https://stackoverflow.com/users/2735833/sumit-murari"},"is_accepted":false,"score":0,"last_activity_date":1474606441,"creation_date":1474606441,"answer_id":39652866,"question_id":39640491},{"owner":{"reputation":415,"user_id":2735833,"user_type":"registered","accept_rate":52,"profile_image":"https://i.stack.imgur.com/9BJtF.jpg?s=128&g=1","display_name":"Sumit Murari","link":"https://stackoverflow.com/users/2735833/sumit-murari"},"is_accepted":false,"score":1,"last_activity_date":1472097597,"creation_date":1472097597,"answer_id":39136497,"question_id":39114563},{"owner":{"reputation":415,"user_id":2735833,"user_type":"registered","accept_rate":52,"profile_image":"https://i.stack.imgur.com/9BJtF.jpg?s=128&g=1","display_name":"Sumit Murari","link":"https://stackoverflow.com/users/2735833/sumit-murari"},"is_accepted":false,"score":0,"last_activity_date":1469084141,"last_edit_date":1469084141,"creation_date":1469074417,"answer_id":38494765,"question_id":38492362},{"owner":{"reputation":415,"user_id":2735833,"user_type":"registered","accept_rate":52,"profile_image":"https://i.stack.imgur.com/9BJtF.jpg?s=128&g=1","display_name":"Sumit Murari","link":"https://stackoverflow.com/users/2735833/sumit-murari"},"is_accepted":false,"score":0,"last_activity_date":1441895394,"creation_date":1441895394,"answer_id":32504704,"question_id":4522319},{"owner":{"reputation":415,"user_id":2735833,"user_type":"registered","accept_rate":52,"profile_image":"https://i.stack.imgur.com/9BJtF.jpg?s=128&g=1","display_name":"Sumit Murari","link":"https://stackoverflow.com/users/2735833/sumit-murari"},"is_accepted":false,"score":0,"last_activity_date":1441025197,"creation_date":1441025197,"answer_id":32311648,"question_id":25545058},{"owner":{"reputation":415,"user_id":2735833,"user_type":"registered","accept_rate":52,"profile_image":"https://i.stack.imgur.com/9BJtF.jpg?s=128&g=1","display_name":"Sumit Murari","link":"https://stackoverflow.com/users/2735833/sumit-murari"},"is_accepted":false,"score":3,"last_activity_date":1435726744,"creation_date":1435726744,"answer_id":31152839,"question_id":5336320},{"owner":{"reputation":415,"user_id":2735833,"user_type":"registered","accept_rate":52,"profile_image":"https://i.stack.imgur.com/9BJtF.jpg?s=128&g=1","display_name":"Sumit Murari","link":"https://stackoverflow.com/users/2735833/sumit-murari"},"is_accepted":true,"community_owned_date":1433491572,"score":0,"last_activity_date":1434345105,"last_edit_date":1434345105,"creation_date":1433491572,"answer_id":30661449,"question_id":30659017},{"owner":{"reputation":415,"user_id":2735833,"user_type":"registered","accept_rate":52,"profile_image":"https://i.stack.imgur.com/9BJtF.jpg?s=128&g=1","display_name":"Sumit Murari","link":"https://stackoverflow.com/users/2735833/sumit-murari"},"is_accepted":false,"score":5,"last_activity_date":1428402520,"last_edit_date":1428402520,"creation_date":1420519720,"answer_id":27792261,"question_id":20525825},{"owner":{"reputation":415,"user_id":2735833,"user_type":"registered","accept_rate":52,"profile_image":"https://i.stack.imgur.com/9BJtF.jpg?s=128&g=1","display_name":"Sumit Murari","link":"https://stackoverflow.com/users/2735833/sumit-murari"},"is_accepted":false,"score":4,"last_activity_date":1421436171,"creation_date":1421436171,"answer_id":27991259,"question_id":6982574}],"has_more":false,"quota_max":10000,"quota_remaining":9984}
2017-06-24 15:50:10,852 - __main__:21 - home() - DEBUG - Token is : cxS*(WhB(AUStQLIZHJ4vQ))
2017-06-24 15:50:15,451 - backend:20 - fetch_user() - DEBUG - 200
2017-06-24 15:50:15,451 - backend:29 - fetch_user() - DEBUG - User details: {'account_id': 3158327, 'reputation': 415, 'image_url': 'https://i.stack.imgur.com/9BJtF.jpg?s=128&g=1', 'link': 'https://stackoverflow.com/users/2735833/sumit-murari', 'user_id': 3158327}
2017-06-24 15:50:16,696 - backend:58 - fetch_all_answerids() - DEBUG - Response is : {"items":[{"owner":{"reputation":415,"user_id":2735833,"user_type":"registered","accept_rate":52,"profile_image":"https://i.stack.imgur.com/9BJtF.jpg?s=128&g=1","display_name":"Sumit Murari","link":"https://stackoverflow.com/users/2735833/sumit-murari"},"is_accepted":false,"score":4,"last_activity_date":1491889753,"last_edit_date":1491889753,"creation_date":1491888920,"answer_id":43337491,"question_id":43337399},{"owner":{"reputation":415,"user_id":2735833,"user_type":"registered","accept_rate":52,"profile_image":"https://i.stack.imgur.com/9BJtF.jpg?s=128&g=1","display_name":"Sumit Murari","link":"https://stackoverflow.com/users/2735833/sumit-murari"},"is_accepted":false,"score":0,"last_activity_date":1489745746,"creation_date":1489745746,"answer_id":42854781,"question_id":42851115},{"owner":{"reputation":415,"user_id":2735833,"user_type":"registered","accept_rate":52,"profile_image":"https://i.stack.imgur.com/9BJtF.jpg?s=128&g=1","display_name":"Sumit Murari","link":"https://stackoverflow.com/users/2735833/sumit-murari"},"is_accepted":false,"score":0,"last_activity_date":1474606441,"creation_date":1474606441,"answer_id":39652866,"question_id":39640491},{"owner":{"reputation":415,"user_id":2735833,"user_type":"registered","accept_rate":52,"profile_image":"https://i.stack.imgur.com/9BJtF.jpg?s=128&g=1","display_name":"Sumit Murari","link":"https://stackoverflow.com/users/2735833/sumit-murari"},"is_accepted":false,"score":1,"last_activity_date":1472097597,"creation_date":1472097597,"answer_id":39136497,"question_id":39114563},{"owner":{"reputation":415,"user_id":2735833,"user_type":"registered","accept_rate":52,"profile_image":"https://i.stack.imgur.com/9BJtF.jpg?s=128&g=1","display_name":"Sumit Murari","link":"https://stackoverflow.com/users/2735833/sumit-murari"},"is_accepted":false,"score":0,"last_activity_date":1469084141,"last_edit_date":1469084141,"creation_date":1469074417,"answer_id":38494765,"question_id":38492362},{"owner":{"reputation":415,"user_id":2735833,"user_type":"registered","accept_rate":52,"profile_image":"https://i.stack.imgur.com/9BJtF.jpg?s=128&g=1","display_name":"Sumit Murari","link":"https://stackoverflow.com/users/2735833/sumit-murari"},"is_accepted":false,"score":0,"last_activity_date":1441895394,"creation_date":1441895394,"answer_id":32504704,"question_id":4522319},{"owner":{"reputation":415,"user_id":2735833,"user_type":"registered","accept_rate":52,"profile_image":"https://i.stack.imgur.com/9BJtF.jpg?s=128&g=1","display_name":"Sumit Murari","link":"https://stackoverflow.com/users/2735833/sumit-murari"},"is_accepted":false,"score":0,"last_activity_date":1441025197,"creation_date":1441025197,"answer_id":32311648,"question_id":25545058},{"owner":{"reputation":415,"user_id":2735833,"user_type":"registered","accept_rate":52,"profile_image":"https://i.stack.imgur.com/9BJtF.jpg?s=128&g=1","display_name":"Sumit Murari","link":"https://stackoverflow.com/users/2735833/sumit-murari"},"is_accepted":false,"score":3,"last_activity_date":1435726744,"creation_date":1435726744,"answer_id":31152839,"question_id":5336320},{"owner":{"reputation":415,"user_id":2735833,"user_type":"registered","accept_rate":52,"profile_image":"https://i.stack.imgur.com/9BJtF.jpg?s=128&g=1","display_name":"Sumit Murari","link":"https://stackoverflow.com/users/2735833/sumit-murari"},"is_accepted":true,"community_owned_date":1433491572,"score":0,"last_activity_date":1434345105,"last_edit_date":1434345105,"creation_date":1433491572,"answer_id":30661449,"question_id":30659017},{"owner":{"reputation":415,"user_id":2735833,"user_type":"registered","accept_rate":52,"profile_image":"https://i.stack.imgur.com/9BJtF.jpg?s=128&g=1","display_name":"Sumit Murari","link":"https://stackoverflow.com/users/2735833/sumit-murari"},"is_accepted":false,"score":5,"last_activity_date":1428402520,"last_edit_date":1428402520,"creation_date":1420519720,"answer_id":27792261,"question_id":20525825},{"owner":{"reputation":415,"user_id":2735833,"user_type":"registered","accept_rate":52,"profile_image":"https://i.stack.imgur.com/9BJtF.jpg?s=128&g=1","display_name":"Sumit Murari","link":"https://stackoverflow.com/users/2735833/sumit-murari"},"is_accepted":false,"score":4,"last_activity_date":1421436171,"creation_date":1421436171,"answer_id":27991259,"question_id":6982574}],"has_more":false,"quota_max":10000,"quota_remaining":9982}
2017-06-24 15:50:16,696 - backend:64 - fetch_all_answerids() - DEBUG - Answers are: [43337491, 42854781, 39652866, 39136497, 38494765, 32504704, 32311648, 31152839, 30661449, 27792261, 27991259]
2017-06-24 15:51:23,902 - __main__:21 - home() - DEBUG - Token is : cxS*(WhB(AUStQLIZHJ4vQ))
2017-06-24 15:51:29,541 - backend:20 - fetch_user() - DEBUG - 200
2017-06-24 15:51:29,541 - backend:29 - fetch_user() - DEBUG - User details: {'account_id': 3158327, 'image_url': 'https://i.stack.imgur.com/9BJtF.jpg?s=128&g=1', 'reputation': 415, 'user_id': 3158327, 'link': 'https://stackoverflow.com/users/2735833/sumit-murari'}
2017-06-24 15:51:30,932 - backend:63 - fetch_all_answerids() - DEBUG - Answers are: [43337491, 42854781, 39652866, 39136497, 38494765, 32504704, 32311648, 31152839, 30661449, 27792261, 27991259]
2017-06-24 22:37:39,102 - __main__:56 - get_token() - DEBUG - access_token=rIKZHiowwTvI9aMvwVvq8A))&expires=86399
2017-06-24 22:37:39,107 - root:58 - get_token() - DEBUG - Token is: rIKZHiowwTvI9aMvwVvq8A))
2017-06-24 22:37:39,116 - __main__:21 - home() - DEBUG - Token is : rIKZHiowwTvI9aMvwVvq8A))
2017-06-24 22:37:43,289 - backend:20 - fetch_user() - DEBUG - 200
2017-06-24 22:37:43,290 - backend:29 - fetch_user() - DEBUG - User details: {'link': 'https://stackoverflow.com/users/2735833/sumit-murari', 'reputation': 415, 'user_id': 3158327, 'account_id': 3158327, 'image_url': 'https://i.stack.imgur.com/9BJtF.jpg?s=128&g=1'}
2017-06-24 22:37:45,143 - backend:57 - fetch_all_answerids() - DEBUG - Status code is: 200
2017-06-24 22:37:45,143 - backend:64 - fetch_all_answerids() - DEBUG - Answers are: [43337491, 42854781, 39652866, 39136497, 38494765, 32504704, 32311648, 31152839, 30661449, 27792261, 27991259]
2017-06-24 22:42:37,579 - __main__:21 - home() - DEBUG - Token is : rIKZHiowwTvI9aMvwVvq8A))
2017-06-24 22:42:42,548 - backend:20 - fetch_user() - DEBUG - 200
2017-06-24 22:42:42,548 - backend:29 - fetch_user() - DEBUG - User details: {'link': 'https://stackoverflow.com/users/2735833/sumit-murari', 'reputation': 415, 'user_id': 3158327, 'account_id': 3158327, 'image_url': 'https://i.stack.imgur.com/9BJtF.jpg?s=128&g=1'}
2017-06-24 22:42:44,771 - backend:57 - fetch_all_answerids() - DEBUG - Status code is: 200
2017-06-24 22:42:44,772 - backend:64 - fetch_all_answerids() - DEBUG - Answers are: [43337491, 42854781, 39652866, 39136497, 38494765, 32504704, 32311648, 31152839, 30661449, 27792261, 27991259]
2017-06-25 01:22:04,667 - __main__:57 - get_token() - DEBUG - access_token=r8m7jkQnvrwDDmTXJpJ6Aw))&expires=86399
2017-06-25 01:22:04,676 - root:59 - get_token() - DEBUG - Token is: r8m7jkQnvrwDDmTXJpJ6Aw))
2017-06-25 01:22:04,686 - __main__:21 - home() - DEBUG - Token is : r8m7jkQnvrwDDmTXJpJ6Aw))
2017-06-25 01:22:06,304 - backend:20 - fetch_user() - DEBUG - 200
2017-06-25 01:22:06,304 - backend:29 - fetch_user() - DEBUG - User details: {'account_id': 3158327, 'image_url': 'https://i.stack.imgur.com/9BJtF.jpg?s=128&g=1', 'link': 'https://stackoverflow.com/users/2735833/sumit-murari', 'user_id': 3158327, 'reputation': 415}
2017-06-25 01:22:07,682 - backend:57 - fetch_all_answerids() - DEBUG - Status code is: 200
2017-06-25 01:23:28,124 - __main__:21 - home() - DEBUG - Token is : r8m7jkQnvrwDDmTXJpJ6Aw))
2017-06-25 01:23:32,831 - backend:20 - fetch_user() - DEBUG - 200
2017-06-25 01:23:32,831 - backend:29 - fetch_user() - DEBUG - User details: {'account_id': 3158327, 'reputation': 415, 'user_id': 3158327, 'image_url': 'https://i.stack.imgur.com/9BJtF.jpg?s=128&g=1', 'link': 'https://stackoverflow.com/users/2735833/sumit-murari'}
2017-06-25 01:23:34,168 - backend:57 - fetch_all_answerids() - DEBUG - Status code is: 200
2017-06-25 01:23:34,168 - backend:64 - fetch_all_answerids() - DEBUG - Answers are: [43337491, 42854781, 39652866, 39136497, 38494765, 32504704, 32311648, 31152839, 30661449, 27792261, 27991259]
2017-06-25 01:23:35,614 - backend:57 - fetch_all_answerids() - DEBUG - Status code is: 200
2017-06-25 01:23:35,615 - backend:64 - fetch_all_answerids() - DEBUG - Answers are: [43337491, 42854781, 39652866, 39136497, 38494765, 32504704, 32311648, 31152839, 30661449, 27792261, 27991259]
2017-06-25 01:24:03,515 - backend:57 - fetch_all_answerids() - DEBUG - Status code is: 200
2017-06-25 01:24:03,515 - backend:64 - fetch_all_answerids() - DEBUG - Answers are: [43337491, 42854781, 39652866, 39136497, 38494765, 32504704, 32311648, 31152839, 30661449, 27792261, 27991259]
2017-06-25 09:32:04,641 - __main__:57 - get_token() - DEBUG - access_token=jE2mIua54nm738Em4zGkMA))&expires=86399
2017-06-25 09:32:04,645 - root:59 - get_token() - DEBUG - Token is: jE2mIua54nm738Em4zGkMA))
2017-06-25 09:32:04,651 - __main__:21 - home() - DEBUG - Token is : jE2mIua54nm738Em4zGkMA))
2017-06-25 09:32:06,176 - backend:20 - fetch_user() - DEBUG - 200
2017-06-25 09:32:06,177 - backend:29 - fetch_user() - DEBUG - User details: {'account_id': 3158327, 'reputation': 415, 'user_id': 3158327, 'image_url': 'https://i.stack.imgur.com/9BJtF.jpg?s=128&g=1', 'link': 'https://stackoverflow.com/users/2735833/sumit-murari'}
2017-06-25 09:32:08,398 - backend:57 - fetch_all_answerids() - DEBUG - Status code is: 200
2017-06-25 09:32:08,398 - backend:64 - fetch_all_answerids() - DEBUG - Answers are: [43337491, 42854781, 39652866, 39136497, 38494765, 32504704, 32311648, 31152839, 30661449, 27792261, 27991259]
2017-06-25 09:32:45,417 - __main__:21 - home() - DEBUG - Token is : jE2mIua54nm738Em4zGkMA))
2017-06-25 09:32:47,277 - backend:20 - fetch_user() - DEBUG - 200
2017-06-25 09:32:47,278 - backend:29 - fetch_user() - DEBUG - User details: {'account_id': 3158327, 'reputation': 415, 'user_id': 3158327, 'image_url': 'https://i.stack.imgur.com/9BJtF.jpg?s=128&g=1', 'link': 'https://stackoverflow.com/users/2735833/sumit-murari'}
2017-06-25 09:32:50,905 - backend:57 - fetch_all_answerids() - DEBUG - Status code is: 200
2017-06-25 09:32:50,906 - backend:64 - fetch_all_answerids() - DEBUG - Answers are: [43337491, 42854781, 39652866, 39136497, 38494765, 32504704, 32311648, 31152839, 30661449, 27792261, 27991259]
2017-06-25 09:33:34,476 - __main__:21 - home() - DEBUG - Token is : jE2mIua54nm738Em4zGkMA))
2017-06-25 09:33:35,742 - backend:20 - fetch_user() - DEBUG - 200
2017-06-25 09:33:35,742 - backend:29 - fetch_user() - DEBUG - User details: {'account_id': 3158327, 'reputation': 415, 'user_id': 3158327, 'image_url': 'https://i.stack.imgur.com/9BJtF.jpg?s=128&g=1', 'link': 'https://stackoverflow.com/users/2735833/sumit-murari'}
2017-06-25 09:33:37,277 - backend:57 - fetch_all_answerids() - DEBUG - Status code is: 200
2017-06-25 09:33:37,278 - backend:64 - fetch_all_answerids() - DEBUG - Answers are: [43337491, 42854781, 39652866, 39136497, 38494765, 32504704, 32311648, 31152839, 30661449, 27792261, 27991259]
2017-06-25 09:33:50,900 - __main__:21 - home() - DEBUG - Token is : jE2mIua54nm738Em4zGkMA))
2017-06-25 09:33:52,161 - backend:20 - fetch_user() - DEBUG - 200
2017-06-25 09:33:52,161 - backend:29 - fetch_user() - DEBUG - User details: {'account_id': 3158327, 'reputation': 415, 'user_id': 3158327, 'image_url': 'https://i.stack.imgur.com/9BJtF.jpg?s=128&g=1', 'link': 'https://stackoverflow.com/users/2735833/sumit-murari'}
2017-06-25 09:33:53,698 - backend:57 - fetch_all_answerids() - DEBUG - Status code is: 200
2017-06-25 09:33:53,698 - backend:64 - fetch_all_answerids() - DEBUG - Answers are: [43337491, 42854781, 39652866, 39136497, 38494765, 32504704, 32311648, 31152839, 30661449, 27792261, 27991259]
2017-06-25 13:55:06,457 - __main__:57 - get_token() - DEBUG - access_token=ouo0TfiWM2ywdlVBVhRScQ))&expires=86399
2017-06-25 13:55:06,461 - root:59 - get_token() - DEBUG - Token is: ouo0TfiWM2ywdlVBVhRScQ))
2017-06-25 13:55:06,471 - __main__:21 - home() - DEBUG - Token is : ouo0TfiWM2ywdlVBVhRScQ))
2017-06-25 13:55:08,816 - backend:22 - fetch_user() - DEBUG - 200
2017-06-25 13:55:08,816 - backend:31 - fetch_user() - DEBUG - User details: {'reputation': 415, 'user_id': 3158327, 'link': 'https://stackoverflow.com/users/2735833/sumit-murari', 'account_id': 3158327, 'image_url': 'https://i.stack.imgur.com/9BJtF.jpg?s=128&g=1'}
2017-06-25 13:56:01,878 - __main__:21 - home() - DEBUG - Token is : ouo0TfiWM2ywdlVBVhRScQ))
2017-06-25 13:56:03,368 - backend:22 - fetch_user() - DEBUG - 200
2017-06-25 13:56:03,368 - backend:31 - fetch_user() - DEBUG - User details: {'user_id': 3158327, 'reputation': 415, 'account_id': 3158327, 'link': 'https://stackoverflow.com/users/2735833/sumit-murari', 'image_url': 'https://i.stack.imgur.com/9BJtF.jpg?s=128&g=1'}
2017-06-25 14:03:23,079 - __main__:21 - home() - DEBUG - Token is : ouo0TfiWM2ywdlVBVhRScQ))
2017-06-25 14:03:24,551 - backend:22 - fetch_user() - DEBUG - 200
2017-06-25 14:03:24,551 - backend:31 - fetch_user() - DEBUG - User details: {'user_id': 3158327, 'reputation': 415, 'account_id': 3158327, 'image_url': 'https://i.stack.imgur.com/9BJtF.jpg?s=128&g=1', 'link': 'https://stackoverflow.com/users/2735833/sumit-murari'}
2017-06-25 14:04:39,909 - __main__:21 - home() - DEBUG - Token is : ouo0TfiWM2ywdlVBVhRScQ))
2017-06-25 14:04:42,057 - backend:22 - fetch_user() - DEBUG - 200
2017-06-25 14:04:42,057 - backend:31 - fetch_user() - DEBUG - User details: {'user_id': 3158327, 'reputation': 415, 'account_id': 3158327, 'image_url': 'https://i.stack.imgur.com/9BJtF.jpg?s=128&g=1', 'link': 'https://stackoverflow.com/users/2735833/sumit-murari'}
2017-06-25 14:07:58,897 - __main__:21 - home() - DEBUG - Token is : ouo0TfiWM2ywdlVBVhRScQ))
2017-06-25 14:08:01,955 - backend:22 - fetch_user() - DEBUG - 200
2017-06-25 14:08:01,956 - backend:31 - fetch_user() - DEBUG - User details: {'account_id': 3158327, 'image_url': 'https://i.stack.imgur.com/9BJtF.jpg?s=128&g=1', 'link': 'https://stackoverflow.com/users/2735833/sumit-murari', 'reputation': 415, 'user_id': 3158327}
2017-06-26 23:17:13,468 - __main__:26 - enable_cors() - DEBUG - enabling cors now
2017-06-26 23:17:13,947 - __main__:26 - enable_cors() - DEBUG - enabling cors now
2017-06-26 23:17:40,665 - __main__:89 - test_via_js() - DEBUG -  I'm in test_index
2017-06-26 23:17:40,668 - __main__:26 - enable_cors() - DEBUG - enabling cors now
2017-06-26 23:17:40,976 - __main__:26 - enable_cors() - DEBUG - enabling cors now
2017-06-26 23:17:42,054 - __main__:26 - enable_cors() - DEBUG - enabling cors now
2017-06-26 23:18:26,022 - __main__:89 - test_index() - DEBUG -  I'm in test_index
2017-06-26 23:18:26,025 - __main__:26 - enable_cors() - DEBUG - enabling cors now
2017-06-26 23:18:27,895 - __main__:26 - enable_cors() - DEBUG - enabling cors now
2017-06-26 23:19:36,264 - __main__:89 - test_index() - DEBUG -  I'm in test_index
2017-06-26 23:19:36,265 - __main__:26 - enable_cors() - DEBUG - enabling cors now
2017-06-26 23:19:36,328 - __main__:89 - test_index() - DEBUG -  I'm in test_index
2017-06-26 23:19:36,329 - __main__:26 - enable_cors() - DEBUG - enabling cors now
2017-06-26 23:19:36,346 - __main__:89 - test_index() - DEBUG -  I'm in test_index
2017-06-26 23:19:36,347 - __main__:26 - enable_cors() - DEBUG - enabling cors now
2017-06-26 23:19:36,361 - __main__:89 - test_index() - DEBUG -  I'm in test_index
2017-06-26 23:19:36,362 - __main__:26 - enable_cors() - DEBUG - enabling cors now
